[debug] ----------------------------------------------------------------------
[debug] Command:      C:\nodejs\\node.exe C:\nodejs\node_modules\firebase-tools\bin\firebase init
[debug] CLI Version:  3.0.2
[debug] Platform:     win32
[debug] Node Version: v0.10.32
[debug] Time:         Sun Jul 24 2016 11:37:42 GMT+0530 (India Standard Time)
[debug] ----------------------------------------------------------------------
[debug] 
[debug] > command requires scopes: ["email","openid","https://www.googleapis.com/auth/cloudplatformprojects.readonly","https://www.googleapis.com/auth/firebase"]
[info] 
     ######## #### ########  ######## ########     ###     ######  ########
     ##        ##  ##     ## ##       ##     ##  ##   ##  ##       ##
     ######    ##  ########  ######   ########  #########  ######  ######
     ##        ##  ##    ##  ##       ##     ## ##     ##       ## ##
     ##       #### ##     ## ######## ########  ##     ##  ######  ########

You're about to initialize a Firebase project in this directory:

  D:\freelancer-app

[debug] Error: UNKNOWN, unknown error 'C:\Users\Kishore\.config\configstore\firebase-tools.json.1405284340'
    at Object.fs.renameSync (fs.js:554:18)
    at Function.writeFileSync [as sync] (C:\nodejs\node_modules\firebase-tools\node_modules\configstore\node_modules\write-file-atomic\index.js:39:8)
    at Object.create.all.set (C:\nodejs\node_modules\firebase-tools\node_modules\configstore\index.js:62:21)
    at Object.Configstore.set (C:\nodejs\node_modules\firebase-tools\node_modules\configstore\index.js:93:11)
    at Request._callback (C:\nodejs\node_modules\firebase-tools\lib\fetchMOTD.js:51:19)
    at Request.self.callback (C:\nodejs\node_modules\firebase-tools\node_modules\request\request.js:200:22)
    at Request.emit (events.js:98:17)
    at Request.<anonymous> (C:\nodejs\node_modules\firebase-tools\node_modules\request\request.js:1067:10)
    at Request.emit (events.js:117:20)
    at IncomingMessage.<anonymous> (C:\nodejs\node_modules\firebase-tools\node_modules\request\request.js:988:12)
[error] 
[error] Error: An unexpected error has occurred.
